  Source.cpp
c:\users\era\desktop\программирование\си++лабы\lab8\lab8\source.cpp(76): error C2989: sort: класс шаблон уже объявлен как не класс шаблон
  c:\users\era\desktop\программирование\си++лабы\lab8\lab8\source.cpp(18): note:  см. объявление "sort"
c:\users\era\desktop\программирование\си++лабы\lab8\lab8\source.cpp(60): error C3857: sort: множественные списки параметров шаблон не допускаются
c:\users\era\desktop\программирование\си++лабы\lab8\lab8\source.cpp(79): error C2988: неопознанное объявление или определение шаблона
c:\users\era\desktop\программирование\си++лабы\lab8\lab8\source.cpp(79): error C2143: синтаксическая ошибка: отсутствие ";" перед "<"
c:\users\era\desktop\программирование\си++лабы\lab8\lab8\source.cpp(79): error C2182: sort: недопустимое использование типа "void"
c:\users\era\desktop\программирование\си++лабы\lab8\lab8\source.cpp(79): error C2059: синтаксическая ошибка: <
c:\users\era\desktop\программирование\си++лабы\lab8\lab8\source.cpp(109): error C2143: синтаксическая ошибка: отсутствие ";" перед "{"
c:\users\era\desktop\программирование\си++лабы\lab8\lab8\source.cpp(109): error C2447: {: отсутствует заголовок функции (возможно, используется формальный список старого типа)
c:\users\era\desktop\программирование\си++лабы\lab8\lab8\source.cpp(135): error C2065: q: необъявленный идентификатор
c:\users\era\desktop\программирование\си++лабы\lab8\lab8\source.cpp(136): error C2065: q: необъявленный идентификатор
c:\users\era\desktop\программирование\си++лабы\lab8\lab8\source.cpp(137): error C2065: q: необъявленный идентификатор
c:\users\era\desktop\программирование\си++лабы\lab8\lab8\source.cpp(138): error C2065: p: необъявленный идентификатор
c:\users\era\desktop\программирование\си++лабы\lab8\lab8\source.cpp(139): error C2065: q: необъявленный идентификатор
c:\users\era\desktop\программирование\си++лабы\lab8\lab8\source.cpp(140): error C2065: q: необъявленный идентификатор
c:\users\era\desktop\программирование\си++лабы\lab8\lab8\source.cpp(140): error C2065: p: необъявленный идентификатор
c:\users\era\desktop\программирование\си++лабы\lab8\lab8\source.cpp(154): error C2065: p: необъявленный идентификатор
c:\users\era\desktop\программирование\си++лабы\lab8\lab8\source.cpp(156): error C2065: p: необъявленный идентификатор
c:\users\era\desktop\программирование\си++лабы\lab8\lab8\source.cpp(156): error C2541: delete: нельзя удалять объекты, не являющиеся указателями
c:\users\era\desktop\программирование\си++лабы\lab8\lab8\source.cpp(168): error C2679: бинарный "<<": не найден оператор, принимающий правый операнд типа "std::string" (или приемлемое преобразование отсутствует)
  c:\program files (x86)\microsoft visual studio 14.0\vc\include\ostream(495): note: может быть "std::basic_ostream<char,std::char_traits<char>> &std::basic_ostream<char,std::char_traits<char>>::operator <<(std::basic_streambuf<char,std::char_traits<char>> *)"
  c:\program files (x86)\microsoft visual studio 14.0\vc\include\ostream(475): note: или       "std::basic_ostream<char,std::char_traits<char>> &std::basic_ostream<char,std::char_traits<char>>::operator <<(const void *)"
  c:\program files (x86)\microsoft visual studio 14.0\vc\include\ostream(455): note: или       "std::basic_ostream<char,std::char_traits<char>> &std::basic_ostream<char,std::char_traits<char>>::operator <<(long double)"
  c:\program files (x86)\microsoft visual studio 14.0\vc\include\ostream(435): note: или       "std::basic_ostream<char,std::char_traits<char>> &std::basic_ostream<char,std::char_traits<char>>::operator <<(double)"
  c:\program files (x86)\microsoft visual studio 14.0\vc\include\ostream(415): note: или       "std::basic_ostream<char,std::char_traits<char>> &std::basic_ostream<char,std::char_traits<char>>::operator <<(float)"
  c:\program files (x86)\microsoft visual studio 14.0\vc\include\ostream(395): note: или       "std::basic_ostream<char,std::char_traits<char>> &std::basic_ostream<char,std::char_traits<char>>::operator <<(unsigned __int64)"
  c:\program files (x86)\microsoft visual studio 14.0\vc\include\ostream(375): note: или       "std::basic_ostream<char,std::char_traits<char>> &std::basic_ostream<char,std::char_traits<char>>::operator <<(__int64)"
  c:\program files (x86)\microsoft visual studio 14.0\vc\include\ostream(355): note: или       "std::basic_ostream<char,std::char_traits<char>> &std::basic_ostream<char,std::char_traits<char>>::operator <<(unsigned long)"
  c:\program files (x86)\microsoft visual studio 14.0\vc\include\ostream(335): note: или       "std::basic_ostream<char,std::char_traits<char>> &std::basic_ostream<char,std::char_traits<char>>::operator <<(long)"
  c:\program files (x86)\microsoft visual studio 14.0\vc\include\ostream(315): note: или       "std::basic_ostream<char,std::char_traits<char>> &std::basic_ostream<char,std::char_traits<char>>::operator <<(unsigned int)"
  c:\program files (x86)\microsoft visual studio 14.0\vc\include\ostream(290): note: или       "std::basic_ostream<char,std::char_traits<char>> &std::basic_ostream<char,std::char_traits<char>>::operator <<(int)"
  c:\program files (x86)\microsoft visual studio 14.0\vc\include\ostream(270): note: или       "std::basic_ostream<char,std::char_traits<char>> &std::basic_ostream<char,std::char_traits<char>>::operator <<(unsigned short)"
  c:\program files (x86)\microsoft visual studio 14.0\vc\include\ostream(236): note: или       "std::basic_ostream<char,std::char_traits<char>> &std::basic_ostream<char,std::char_traits<char>>::operator <<(short)"
  c:\program files (x86)\microsoft visual studio 14.0\vc\include\ostream(216): note: или       "std::basic_ostream<char,std::char_traits<char>> &std::basic_ostream<char,std::char_traits<char>>::operator <<(bool)"
  c:\program files (x86)\microsoft visual studio 14.0\vc\include\ostream(209): note: или       "std::basic_ostream<char,std::char_traits<char>> &std::basic_ostream<char,std::char_traits<char>>::operator <<(std::ios_base &(__cdecl *)(std::ios_base &))"
  c:\program files (x86)\microsoft visual studio 14.0\vc\include\ostream(202): note: или       "std::basic_ostream<char,std::char_traits<char>> &std::basic_ostream<char,std::char_traits<char>>::operator <<(std::basic_ios<char,std::char_traits<char>> &(__cdecl *)(std::basic_ios<char,std::char_traits<char>> &))"
  c:\program files (x86)\microsoft visual studio 14.0\vc\include\ostream(196): note: или       "std::basic_ostream<char,std::char_traits<char>> &std::basic_ostream<char,std::char_traits<char>>::operator <<(std::basic_ostream<char,std::char_traits<char>> &(__cdecl *)(std::basic_ostream<char,std::char_traits<char>> &))"
  c:\users\era\desktop\программирование\си++лабы\lab8\lab8\source.cpp(168): note: при попытке сопоставить список аргументов "(std::basic_ostream<char,std::char_traits<char>>, std::string)"
c:\users\era\desktop\программирование\си++лабы\lab8\lab8\source.cpp(178): error C2065: p: необъявленный идентификатор
c:\users\era\desktop\программирование\си++лабы\lab8\lab8\source.cpp(180): error C2065: p: необъявленный идентификатор
c:\users\era\desktop\программирование\си++лабы\lab8\lab8\source.cpp(193): error C2065: a: необъявленный идентификатор
c:\users\era\desktop\программирование\си++лабы\lab8\lab8\source.cpp(194): error C2065: str: необъявленный идентификатор
c:\users\era\desktop\программирование\си++лабы\lab8\lab8\source.cpp(195): error C2065: a: необъявленный идентификатор
c:\users\era\desktop\программирование\си++лабы\lab8\lab8\source.cpp(195): error C2065: str: необъявленный идентификатор
c:\users\era\desktop\программирование\си++лабы\lab8\lab8\source.cpp(195): error C3861: CreateSp: идентификатор не найден
c:\users\era\desktop\программирование\си++лабы\lab8\lab8\source.cpp(196): error C2065: a: необъявленный идентификатор
c:\users\era\desktop\программирование\си++лабы\lab8\lab8\source.cpp(198): error C2679: бинарный "<<": не найден оператор, принимающий правый операнд типа "overloaded-function" (или приемлемое преобразование отсутствует)
  c:\program files (x86)\microsoft visual studio 14.0\vc\include\ostream(495): note: может быть "std::basic_ostream<char,std::char_traits<char>> &std::basic_ostream<char,std::char_traits<char>>::operator <<(std::basic_streambuf<char,std::char_traits<char>> *)"
  c:\program files (x86)\microsoft visual studio 14.0\vc\include\ostream(475): note: или       "std::basic_ostream<char,std::char_traits<char>> &std::basic_ostream<char,std::char_traits<char>>::operator <<(const void *)"
  c:\program files (x86)\microsoft visual studio 14.0\vc\include\ostream(455): note: или       "std::basic_ostream<char,std::char_traits<char>> &std::basic_ostream<char,std::char_traits<char>>::operator <<(long double)"
  c:\program files (x86)\microsoft visual studio 14.0\vc\include\ostream(435): note: или       "std::basic_ostream<char,std::char_traits<char>> &std::basic_ostream<char,std::char_traits<char>>::operator <<(double)"
  c:\program files (x86)\microsoft visual studio 14.0\vc\include\ostream(415): note: или       "std::basic_ostream<char,std::char_traits<char>> &std::basic_ostream<char,std::char_traits<char>>::operator <<(float)"
  c:\program files (x86)\microsoft visual studio 14.0\vc\include\ostream(395): note: или       "std::basic_ostream<char,std::char_traits<char>> &std::basic_ostream<char,std::char_traits<char>>::operator <<(unsigned __int64)"
  c:\program files (x86)\microsoft visual studio 14.0\vc\include\ostream(375): note: или       "std::basic_ostream<char,std::char_traits<char>> &std::basic_ostream<char,std::char_traits<char>>::operator <<(__int64)"
  c:\program files (x86)\microsoft visual studio 14.0\vc\include\ostream(355): note: или       "std::basic_ostream<char,std::char_traits<char>> &std::basic_ostream<char,std::char_traits<char>>::operator <<(unsigned long)"
  c:\program files (x86)\microsoft visual studio 14.0\vc\include\ostream(335): note: или       "std::basic_ostream<char,std::char_traits<char>> &std::basic_ostream<char,std::char_traits<char>>::operator <<(long)"
  c:\program files (x86)\microsoft visual studio 14.0\vc\include\ostream(315): note: или       "std::basic_ostream<char,std::char_traits<char>> &std::basic_ostream<char,std::char_traits<char>>::operator <<(unsigned int)"
  c:\program files (x86)\microsoft visual studio 14.0\vc\include\ostream(290): note: или       "std::basic_ostream<char,std::char_traits<char>> &std::basic_ostream<char,std::char_traits<char>>::operator <<(int)"
  c:\program files (x86)\microsoft visual studio 14.0\vc\include\ostream(270): note: или       "std::basic_ostream<char,std::char_traits<char>> &std::basic_ostream<char,std::char_traits<char>>::operator <<(unsigned short)"
  c:\program files (x86)\microsoft visual studio 14.0\vc\include\ostream(236): note: или       "std::basic_ostream<char,std::char_traits<char>> &std::basic_ostream<char,std::char_traits<char>>::operator <<(short)"
  c:\program files (x86)\microsoft visual studio 14.0\vc\include\ostream(216): note: или       "std::basic_ostream<char,std::char_traits<char>> &std::basic_ostream<char,std::char_traits<char>>::operator <<(bool)"
  c:\program files (x86)\microsoft visual studio 14.0\vc\include\ostream(209): note: или       "std::basic_ostream<char,std::char_traits<char>> &std::basic_ostream<char,std::char_traits<char>>::operator <<(std::ios_base &(__cdecl *)(std::ios_base &))"
  c:\program files (x86)\microsoft visual studio 14.0\vc\include\ostream(202): note: или       "std::basic_ostream<char,std::char_traits<char>> &std::basic_ostream<char,std::char_traits<char>>::operator <<(std::basic_ios<char,std::char_traits<char>> &(__cdecl *)(std::basic_ios<char,std::char_traits<char>> &))"
  c:\program files (x86)\microsoft visual studio 14.0\vc\include\ostream(196): note: или       "std::basic_ostream<char,std::char_traits<char>> &std::basic_ostream<char,std::char_traits<char>>::operator <<(std::basic_ostream<char,std::char_traits<char>> &(__cdecl *)(std::basic_ostream<char,std::char_traits<char>> &))"
  c:\users\era\desktop\программирование\си++лабы\lab8\lab8\source.cpp(198): note: при попытке сопоставить список аргументов "(std::ostream, overloaded-function)"
c:\users\era\desktop\программирование\си++лабы\lab8\lab8\source.cpp(202): error C2065: c: необъявленный идентификатор
c:\users\era\desktop\программирование\си++лабы\lab8\lab8\source.cpp(203): error C2679: бинарный "<<": не найден оператор, принимающий правый операнд типа "overloaded-function" (или приемлемое преобразование отсутствует)
  c:\program files (x86)\microsoft visual studio 14.0\vc\include\ostream(495): note: может быть "std::basic_ostream<char,std::char_traits<char>> &std::basic_ostream<char,std::char_traits<char>>::operator <<(std::basic_streambuf<char,std::char_traits<char>> *)"
  c:\program files (x86)\microsoft visual studio 14.0\vc\include\ostream(475): note: или       "std::basic_ostream<char,std::char_traits<char>> &std::basic_ostream<char,std::char_traits<char>>::operator <<(const void *)"
  c:\program files (x86)\microsoft visual studio 14.0\vc\include\ostream(455): note: или       "std::basic_ostream<char,std::char_traits<char>> &std::basic_ostream<char,std::char_traits<char>>::operator <<(long double)"
  c:\program files (x86)\microsoft visual studio 14.0\vc\include\ostream(435): note: или       "std::basic_ostream<char,std::char_traits<char>> &std::basic_ostream<char,std::char_traits<char>>::operator <<(double)"
  c:\program files (x86)\microsoft visual studio 14.0\vc\include\ostream(415): note: или       "std::basic_ostream<char,std::char_traits<char>> &std::basic_ostream<char,std::char_traits<char>>::operator <<(float)"
  c:\program files (x86)\microsoft visual studio 14.0\vc\include\ostream(395): note: или       "std::basic_ostream<char,std::char_traits<char>> &std::basic_ostream<char,std::char_traits<char>>::operator <<(unsigned __int64)"
  c:\program files (x86)\microsoft visual studio 14.0\vc\include\ostream(375): note: или       "std::basic_ostream<char,std::char_traits<char>> &std::basic_ostream<char,std::char_traits<char>>::operator <<(__int64)"
  c:\program files (x86)\microsoft visual studio 14.0\vc\include\ostream(355): note: или       "std::basic_ostream<char,std::char_traits<char>> &std::basic_ostream<char,std::char_traits<char>>::operator <<(unsigned long)"
  c:\program files (x86)\microsoft visual studio 14.0\vc\include\ostream(335): note: или       "std::basic_ostream<char,std::char_traits<char>> &std::basic_ostream<char,std::char_traits<char>>::operator <<(long)"
  c:\program files (x86)\microsoft visual studio 14.0\vc\include\ostream(315): note: или       "std::basic_ostream<char,std::char_traits<char>> &std::basic_ostream<char,std::char_traits<char>>::operator <<(unsigned int)"
  c:\program files (x86)\microsoft visual studio 14.0\vc\include\ostream(290): note: или       "std::basic_ostream<char,std::char_traits<char>> &std::basic_ostream<char,std::char_traits<char>>::operator <<(int)"
  c:\program files (x86)\microsoft visual studio 14.0\vc\include\ostream(270): note: или       "std::basic_ostream<char,std::char_traits<char>> &std::basic_ostream<char,std::char_traits<char>>::operator <<(unsigned short)"
  c:\program files (x86)\microsoft visual studio 14.0\vc\include\ostream(236): note: или       "std::basic_ostream<char,std::char_traits<char>> &std::basic_ostream<char,std::char_traits<char>>::operator <<(short)"
  c:\program files (x86)\microsoft visual studio 14.0\vc\include\ostream(216): note: или       "std::basic_ostream<char,std::char_traits<char>> &std::basic_ostream<char,std::char_traits<char>>::operator <<(bool)"
  c:\program files (x86)\microsoft visual studio 14.0\vc\include\ostream(209): note: или       "std::basic_ostream<char,std::char_traits<char>> &std::basic_ostream<char,std::char_traits<char>>::operator <<(std::ios_base &(__cdecl *)(std::ios_base &))"
  c:\program files (x86)\microsoft visual studio 14.0\vc\include\ostream(202): note: или       "std::basic_ostream<char,std::char_traits<char>> &std::basic_ostream<char,std::char_traits<char>>::operator <<(std::basic_ios<char,std::char_traits<char>> &(__cdecl *)(std::basic_ios<char,std::char_traits<char>> &))"
  c:\program files (x86)\microsoft visual studio 14.0\vc\include\ostream(196): note: или       "std::basic_ostream<char,std::char_traits<char>> &std::basic_ostream<char,std::char_traits<char>>::operator <<(std::basic_ostream<char,std::char_traits<char>> &(__cdecl *)(std::basic_ostream<char,std::char_traits<char>> &))"
  c:\users\era\desktop\программирование\си++лабы\lab8\lab8\source.cpp(203): note: при попытке сопоставить список аргументов "(std::ostream, overloaded-function)"
c:\users\era\desktop\программирование\си++лабы\lab8\lab8\source.cpp(204): error C2065: c: необъявленный идентификатор
c:\users\era\desktop\программирование\си++лабы\lab8\lab8\source.cpp(205): error C2050: значение выражения для варианта выбора не является целым
c:\users\era\desktop\программирование\си++лабы\lab8\lab8\source.cpp(208): error C2065: a: необъявленный идентификатор
c:\users\era\desktop\программирование\си++лабы\lab8\lab8\source.cpp(209): error C2679: бинарный "<<": не найден оператор, принимающий правый операнд типа "overloaded-function" (или приемлемое преобразование отсутствует)
  c:\program files (x86)\microsoft visual studio 14.0\vc\include\ostream(495): note: может быть "std::basic_ostream<char,std::char_traits<char>> &std::basic_ostream<char,std::char_traits<char>>::operator <<(std::basic_streambuf<char,std::char_traits<char>> *)"
  c:\program files (x86)\microsoft visual studio 14.0\vc\include\ostream(475): note: или       "std::basic_ostream<char,std::char_traits<char>> &std::basic_ostream<char,std::char_traits<char>>::operator <<(const void *)"
  c:\program files (x86)\microsoft visual studio 14.0\vc\include\ostream(455): note: или       "std::basic_ostream<char,std::char_traits<char>> &std::basic_ostream<char,std::char_traits<char>>::operator <<(long double)"
  c:\program files (x86)\microsoft visual studio 14.0\vc\include\ostream(435): note: или       "std::basic_ostream<char,std::char_traits<char>> &std::basic_ostream<char,std::char_traits<char>>::operator <<(double)"
  c:\program files (x86)\microsoft visual studio 14.0\vc\include\ostream(415): note: или       "std::basic_ostream<char,std::char_traits<char>> &std::basic_ostream<char,std::char_traits<char>>::operator <<(float)"
  c:\program files (x86)\microsoft visual studio 14.0\vc\include\ostream(395): note: или       "std::basic_ostream<char,std::char_traits<char>> &std::basic_ostream<char,std::char_traits<char>>::operator <<(unsigned __int64)"
  c:\program files (x86)\microsoft visual studio 14.0\vc\include\ostream(375): note: или       "std::basic_ostream<char,std::char_traits<char>> &std::basic_ostream<char,std::char_traits<char>>::operator <<(__int64)"
  c:\program files (x86)\microsoft visual studio 14.0\vc\include\ostream(355): note: или       "std::basic_ostream<char,std::char_traits<char>> &std::basic_ostream<char,std::char_traits<char>>::operator <<(unsigned long)"
  c:\program files (x86)\microsoft visual studio 14.0\vc\include\ostream(335): note: или       "std::basic_ostream<char,std::char_traits<char>> &std::basic_ostream<char,std::char_traits<char>>::operator <<(long)"
  c:\program files (x86)\microsoft visual studio 14.0\vc\include\ostream(315): note: или       "std::basic_ostream<char,std::char_traits<char>> &std::basic_ostream<char,std::char_traits<char>>::operator <<(unsigned int)"
  c:\program files (x86)\microsoft visual studio 14.0\vc\include\ostream(290): note: или       "std::basic_ostream<char,std::char_traits<char>> &std::basic_ostream<char,std::char_traits<char>>::operator <<(int)"
  c:\program files (x86)\microsoft visual studio 14.0\vc\include\ostream(270): note: или       "std::basic_ostream<char,std::char_traits<char>> &std::basic_ostream<char,std::char_traits<char>>::operator <<(unsigned short)"
  c:\program files (x86)\microsoft visual studio 14.0\vc\include\ostream(236): note: или       "std::basic_ostream<char,std::char_traits<char>> &std::basic_ostream<char,std::char_traits<char>>::operator <<(short)"
  c:\program files (x86)\microsoft visual studio 14.0\vc\include\ostream(216): note: или       "std::basic_ostream<char,std::char_traits<char>> &std::basic_ostream<char,std::char_traits<char>>::operator <<(bool)"
  c:\program files (x86)\microsoft visual studio 14.0\vc\include\ostream(209): note: или       "std::basic_ostream<char,std::char_traits<char>> &std::basic_ostream<char,std::char_traits<char>>::operator <<(std::ios_base &(__cdecl *)(std::ios_base &))"
  c:\program files (x86)\microsoft visual studio 14.0\vc\include\ostream(202): note: или       "std::basic_ostream<char,std::char_traits<char>> &std::basic_ostream<char,std::char_traits<char>>::operator <<(std::basic_ios<char,std::char_traits<char>> &(__cdecl *)(std::basic_ios<char,std::char_traits<char>> &))"
  c:\program files (x86)\microsoft visual studio 14.0\vc\include\ostream(196): note: или       "std::basic_ostream<char,std::char_traits<char>> &std::basic_ostream<char,std::char_traits<char>>::operator <<(std::basic_ostream<char,std::char_traits<char>> &(__cdecl *)(std::basic_ostream<char,std::char_traits<char>> &))"
  c:\users\era\desktop\программирование\си++лабы\lab8\lab8\source.cpp(209): note: при попытке сопоставить список аргументов "(std::ostream, overloaded-function)"
c:\users\era\desktop\программирование\си++лабы\lab8\lab8\source.cpp(210): error C2065: a: необъявленный идентификатор
c:\users\era\desktop\программирование\си++лабы\lab8\lab8\source.cpp(214): error C2065: a: необъявленный идентификатор
c:\users\era\desktop\программирование\си++лабы\lab8\lab8\source.cpp(215): error C2679: бинарный "<<": не найден оператор, принимающий правый операнд типа "overloaded-function" (или приемлемое преобразование отсутствует)
  c:\program files (x86)\microsoft visual studio 14.0\vc\include\ostream(495): note: может быть "std::basic_ostream<char,std::char_traits<char>> &std::basic_ostream<char,std::char_traits<char>>::operator <<(std::basic_streambuf<char,std::char_traits<char>> *)"
  c:\program files (x86)\microsoft visual studio 14.0\vc\include\ostream(475): note: или       "std::basic_ostream<char,std::char_traits<char>> &std::basic_ostream<char,std::char_traits<char>>::operator <<(const void *)"
  c:\program files (x86)\microsoft visual studio 14.0\vc\include\ostream(455): note: или       "std::basic_ostream<char,std::char_traits<char>> &std::basic_ostream<char,std::char_traits<char>>::operator <<(long double)"
  c:\program files (x86)\microsoft visual studio 14.0\vc\include\ostream(435): note: или       "std::basic_ostream<char,std::char_traits<char>> &std::basic_ostream<char,std::char_traits<char>>::operator <<(double)"
  c:\program files (x86)\microsoft visual studio 14.0\vc\include\ostream(415): note: или       "std::basic_ostream<char,std::char_traits<char>> &std::basic_ostream<char,std::char_traits<char>>::operator <<(float)"
  c:\program files (x86)\microsoft visual studio 14.0\vc\include\ostream(395): note: или       "std::basic_ostream<char,std::char_traits<char>> &std::basic_ostream<char,std::char_traits<char>>::operator <<(unsigned __int64)"
  c:\program files (x86)\microsoft visual studio 14.0\vc\include\ostream(375): note: или       "std::basic_ostream<char,std::char_traits<char>> &std::basic_ostream<char,std::char_traits<char>>::operator <<(__int64)"
  c:\program files (x86)\microsoft visual studio 14.0\vc\include\ostream(355): note: или       "std::basic_ostream<char,std::char_traits<char>> &std::basic_ostream<char,std::char_traits<char>>::operator <<(unsigned long)"
  c:\program files (x86)\microsoft visual studio 14.0\vc\include\ostream(335): note: или       "std::basic_ostream<char,std::char_traits<char>> &std::basic_ostream<char,std::char_traits<char>>::operator <<(long)"
  c:\program files (x86)\microsoft visual studio 14.0\vc\include\ostream(315): note: или       "std::basic_ostream<char,std::char_traits<char>> &std::basic_ostream<char,std::char_traits<char>>::operator <<(unsigned int)"
  c:\program files (x86)\microsoft visual studio 14.0\vc\include\ostream(290): note: или       "std::basic_ostream<char,std::char_traits<char>> &std::basic_ostream<char,std::char_traits<char>>::operator <<(int)"
  c:\program files (x86)\microsoft visual studio 14.0\vc\include\ostream(270): note: или       "std::basic_ostream<char,std::char_traits<char>> &std::basic_ostream<char,std::char_traits<char>>::operator <<(unsigned short)"
  c:\program files (x86)\microsoft visual studio 14.0\vc\include\ostream(236): note: или       "std::basic_ostream<char,std::char_traits<char>> &std::basic_ostream<char,std::char_traits<char>>::operator <<(short)"
  c:\program files (x86)\microsoft visual studio 14.0\vc\include\ostream(216): note: или       "std::basic_ostream<char,std::char_traits<char>> &std::basic_ostream<char,std::char_traits<char>>::operator <<(bool)"
  c:\program files (x86)\microsoft visual studio 14.0\vc\include\ostream(209): note: или       "std::basic_ostream<char,std::char_traits<char>> &std::basic_ostream<char,std::char_traits<char>>::operator <<(std::ios_base &(__cdecl *)(std::ios_base &))"
  c:\program files (x86)\microsoft visual studio 14.0\vc\include\ostream(202): note: или       "std::basic_ostream<char,std::char_traits<char>> &std::basic_ostream<char,std::char_traits<char>>::operator <<(std::basic_ios<char,std::char_traits<char>> &(__cdecl *)(std::basic_ios<char,std::char_traits<char>> &))"
  c:\program files (x86)\microsoft visual studio 14.0\vc\include\ostream(196): note: или       "std::basic_ostream<char,std::char_traits<char>> &std::basic_ostream<char,std::char_traits<char>>::operator <<(std::basic_ostream<char,std::char_traits<char>> &(__cdecl *)(std::basic_ostream<char,std::char_traits<char>> &))"
  c:\users\era\desktop\программирование\си++лабы\lab8\lab8\source.cpp(215): note: при попытке сопоставить список аргументов "(std::ostream, overloaded-function)"
c:\users\era\desktop\программирование\си++лабы\lab8\lab8\source.cpp(217): error C2065: b: необъявленный идентификатор
c:\users\era\desktop\программирование\си++лабы\lab8\lab8\source.cpp(218): error C2679: бинарный "<<": не найден оператор, принимающий правый операнд типа "overloaded-function" (или приемлемое преобразование отсутствует)
  c:\program files (x86)\microsoft visual studio 14.0\vc\include\ostream(495): note: может быть "std::basic_ostream<char,std::char_traits<char>> &std::basic_ostream<char,std::char_traits<char>>::operator <<(std::basic_streambuf<char,std::char_traits<char>> *)"
  c:\program files (x86)\microsoft visual studio 14.0\vc\include\ostream(475): note: или       "std::basic_ostream<char,std::char_traits<char>> &std::basic_ostream<char,std::char_traits<char>>::operator <<(const void *)"
  c:\program files (x86)\microsoft visual studio 14.0\vc\include\ostream(455): note: или       "std::basic_ostream<char,std::char_traits<char>> &std::basic_ostream<char,std::char_traits<char>>::operator <<(long double)"
  c:\program files (x86)\microsoft visual studio 14.0\vc\include\ostream(435): note: или       "std::basic_ostream<char,std::char_traits<char>> &std::basic_ostream<char,std::char_traits<char>>::operator <<(double)"
  c:\program files (x86)\microsoft visual studio 14.0\vc\include\ostream(415): note: или       "std::basic_ostream<char,std::char_traits<char>> &std::basic_ostream<char,std::char_traits<char>>::operator <<(float)"
  c:\program files (x86)\microsoft visual studio 14.0\vc\include\ostream(395): note: или       "std::basic_ostream<char,std::char_traits<char>> &std::basic_ostream<char,std::char_traits<char>>::operator <<(unsigned __int64)"
  c:\program files (x86)\microsoft visual studio 14.0\vc\include\ostream(375): note: или       "std::basic_ostream<char,std::char_traits<char>> &std::basic_ostream<char,std::char_traits<char>>::operator <<(__int64)"
  c:\program files (x86)\microsoft visual studio 14.0\vc\include\ostream(355): note: или       "std::basic_ostream<char,std::char_traits<char>> &std::basic_ostream<char,std::char_traits<char>>::operator <<(unsigned long)"
  c:\program files (x86)\microsoft visual studio 14.0\vc\include\ostream(335): note: или       "std::basic_ostream<char,std::char_traits<char>> &std::basic_ostream<char,std::char_traits<char>>::operator <<(long)"
  c:\program files (x86)\microsoft visual studio 14.0\vc\include\ostream(315): note: или       "std::basic_ostream<char,std::char_traits<char>> &std::basic_ostream<char,std::char_traits<char>>::operator <<(unsigned int)"
  c:\program files (x86)\microsoft visual studio 14.0\vc\include\ostream(290): note: или       "std::basic_ostream<char,std::char_traits<char>> &std::basic_ostream<char,std::char_traits<char>>::operator <<(int)"
  c:\program files (x86)\microsoft visual studio 14.0\vc\include\ostream(270): note: или       "std::basic_ostream<char,std::char_traits<char>> &std::basic_ostream<char,std::char_traits<char>>::operator <<(unsigned short)"
  c:\program files (x86)\microsoft visual studio 14.0\vc\include\ostream(236): note: или       "std::basic_ostream<char,std::char_traits<char>> &std::basic_ostream<char,std::char_traits<char>>::operator <<(short)"
  c:\program files (x86)\microsoft visual studio 14.0\vc\include\ostream(216): note: или       "std::basic_ostream<char,std::char_traits<char>> &std::basic_ostream<char,std::char_traits<char>>::operator <<(bool)"
  c:\program files (x86)\microsoft visual studio 14.0\vc\include\ostream(209): note: или       "std::basic_ostream<char,std::char_traits<char>> &std::basic_ostream<char,std::char_traits<char>>::operator <<(std::ios_base &(__cdecl *)(std::ios_base &))"
  c:\program files (x86)\microsoft visual studio 14.0\vc\include\ostream(202): note: или       "std::basic_ostream<char,std::char_traits<char>> &std::basic_ostream<char,std::char_traits<char>>::operator <<(std::basic_ios<char,std::char_traits<char>> &(__cdecl *)(std::basic_ios<char,std::char_traits<char>> &))"
  c:\program files (x86)\microsoft visual studio 14.0\vc\include\ostream(196): note: или       "std::basic_ostream<char,std::char_traits<char>> &std::basic_ostream<char,std::char_traits<char>>::operator <<(std::basic_ostream<char,std::char_traits<char>> &(__cdecl *)(std::basic_ostream<char,std::char_traits<char>> &))"
  c:\users\era\desktop\программирование\си++лабы\lab8\lab8\source.cpp(218): note: при попытке сопоставить список аргументов "(std::ostream, overloaded-function)"
c:\users\era\desktop\программирование\си++лабы\lab8\lab8\source.cpp(219): error C2065: str: необъявленный идентификатор
c:\users\era\desktop\программирование\си++лабы\lab8\lab8\source.cpp(220): error C2679: бинарный "<<": не найден оператор, принимающий правый операнд типа "overloaded-function" (или приемлемое преобразование отсутствует)
  c:\program files (x86)\microsoft visual studio 14.0\vc\include\ostream(495): note: может быть "std::basic_ostream<char,std::char_traits<char>> &std::basic_ostream<char,std::char_traits<char>>::operator <<(std::basic_streambuf<char,std::char_traits<char>> *)"
  c:\program files (x86)\microsoft visual studio 14.0\vc\include\ostream(475): note: или       "std::basic_ostream<char,std::char_traits<char>> &std::basic_ostream<char,std::char_traits<char>>::operator <<(const void *)"
  c:\program files (x86)\microsoft visual studio 14.0\vc\include\ostream(455): note: или       "std::basic_ostream<char,std::char_traits<char>> &std::basic_ostream<char,std::char_traits<char>>::operator <<(long double)"
  c:\program files (x86)\microsoft visual studio 14.0\vc\include\ostream(435): note: или       "std::basic_ostream<char,std::char_traits<char>> &std::basic_ostream<char,std::char_traits<char>>::operator <<(double)"
  c:\program files (x86)\microsoft visual studio 14.0\vc\include\ostream(415): note: или       "std::basic_ostream<char,std::char_traits<char>> &std::basic_ostream<char,std::char_traits<char>>::operator <<(float)"
  c:\program files (x86)\microsoft visual studio 14.0\vc\include\ostream(395): note: или       "std::basic_ostream<char,std::char_traits<char>> &std::basic_ostream<char,std::char_traits<char>>::operator <<(unsigned __int64)"
  c:\program files (x86)\microsoft visual studio 14.0\vc\include\ostream(375): note: или       "std::basic_ostream<char,std::char_traits<char>> &std::basic_ostream<char,std::char_traits<char>>::operator <<(__int64)"
  c:\program files (x86)\microsoft visual studio 14.0\vc\include\ostream(355): note: или       "std::basic_ostream<char,std::char_traits<char>> &std::basic_ostream<char,std::char_traits<char>>::operator <<(unsigned long)"
  c:\program files (x86)\microsoft visual studio 14.0\vc\include\ostream(335): note: или       "std::basic_ostream<char,std::char_traits<char>> &std::basic_ostream<char,std::char_traits<char>>::operator <<(long)"
  c:\program files (x86)\microsoft visual studio 14.0\vc\include\ostream(315): note: или       "std::basic_ostream<char,std::char_traits<char>> &std::basic_ostream<char,std::char_traits<char>>::operator <<(unsigned int)"
  c:\program files (x86)\microsoft visual studio 14.0\vc\include\ostream(290): note: или       "std::basic_ostream<char,std::char_traits<char>> &std::basic_ostream<char,std::char_traits<char>>::operator <<(int)"
  c:\program files (x86)\microsoft visual studio 14.0\vc\include\ostream(270): note: или       "std::basic_ostream<char,std::char_traits<char>> &std::basic_ostream<char,std::char_traits<char>>::operator <<(unsigned short)"
  c:\program files (x86)\microsoft visual studio 14.0\vc\include\ostream(236): note: или       "std::basic_ostream<char,std::char_traits<char>> &std::basic_ostream<char,std::char_traits<char>>::operator <<(short)"
  c:\program files (x86)\microsoft visual studio 14.0\vc\include\ostream(216): note: или       "std::basic_ostream<char,std::char_traits<char>> &std::basic_ostream<char,std::char_traits<char>>::operator <<(bool)"
  c:\program files (x86)\microsoft visual studio 14.0\vc\include\ostream(209): note: или       "std::basic_ostream<char,std::char_traits<char>> &std::basic_ostream<char,std::char_traits<char>>::operator <<(std::ios_base &(__cdecl *)(std::ios_base &))"
  c:\program files (x86)\microsoft visual studio 14.0\vc\include\ostream(202): note: или       "std::basic_ostream<char,std::char_traits<char>> &std::basic_ostream<char,std::char_traits<char>>::operator <<(std::basic_ios<char,std::char_traits<char>> &(__cdecl *)(std::basic_ios<char,std::char_traits<char>> &))"
  c:\program files (x86)\microsoft visual studio 14.0\vc\include\ostream(196): note: или       "std::basic_ostream<char,std::char_traits<char>> &std::basic_ostream<char,std::char_traits<char>>::operator <<(std::basic_ostream<char,std::char_traits<char>> &(__cdecl *)(std::basic_ostream<char,std::char_traits<char>> &))"
  c:\users\era\desktop\программирование\си++лабы\lab8\lab8\source.cpp(220): note: при попытке сопоставить список аргументов "(std::ostream, overloaded-function)"
c:\users\era\desktop\программирование\си++лабы\lab8\lab8\source.cpp(221): error C2065: a: необъявленный идентификатор
c:\users\era\desktop\программирование\си++лабы\lab8\lab8\source.cpp(221): error C2065: b: необъявленный идентификатор
c:\users\era\desktop\программирование\си++лабы\lab8\lab8\source.cpp(221): error C2065: str: необъявленный идентификатор
c:\users\era\desktop\программирование\си++лабы\lab8\lab8\source.cpp(228): error C2275: sp: недопустимое использование этого типа в качестве выражения
  c:\users\era\desktop\программирование\си++лабы\lab8\lab8\source.cpp(12): note:  см. объявление "sp"
c:\users\era\desktop\программирование\си++лабы\lab8\lab8\source.cpp(228): error C3861: cl: идентификатор не найден
c:\users\era\desktop\программирование\си++лабы\lab8\lab8\source.cpp(229): error C2065: cl: необъявленный идентификатор
c:\users\era\desktop\программирование\си++лабы\lab8\lab8\source.cpp(232): error C2065: c: необъявленный идентификатор
